2021-01-09 00:04:11,799 INFO [capacityManagement] start correct usage

2021-01-09 00:04:11,802 INFO [capacityManagement] end correct usage, cost: 0s

2021-01-09 00:06:20,040 WARN clearConfigHistory start

2021-01-09 00:14:11,804 INFO [capacityManagement] start correct usage

2021-01-09 00:14:11,805 INFO [capacityManagement] end correct usage, cost: 0s

2021-01-09 00:16:20,043 WARN clearConfigHistory start

2021-01-09 00:24:11,808 INFO [capacityManagement] start correct usage

2021-01-09 00:24:11,809 INFO [capacityManagement] end correct usage, cost: 0s

2021-01-09 00:26:20,044 WARN clearConfigHistory start

2021-01-09 00:34:11,810 INFO [capacityManagement] start correct usage

2021-01-09 00:34:11,811 INFO [capacityManagement] end correct usage, cost: 0s

2021-01-09 00:36:20,046 WARN clearConfigHistory start

2021-01-09 00:44:11,818 INFO [capacityManagement] start correct usage

2021-01-09 00:44:11,819 INFO [capacityManagement] end correct usage, cost: 0s

2021-01-09 00:46:20,047 WARN clearConfigHistory start

2021-01-09 00:54:11,821 INFO [capacityManagement] start correct usage

2021-01-09 00:54:11,822 INFO [capacityManagement] end correct usage, cost: 0s

2021-01-09 00:56:20,048 WARN clearConfigHistory start

2021-01-09 01:04:11,824 INFO [capacityManagement] start correct usage

2021-01-09 01:04:11,825 INFO [capacityManagement] end correct usage, cost: 0s

2021-01-09 01:06:20,050 WARN clearConfigHistory start

2021-01-09 01:14:11,825 INFO [capacityManagement] start correct usage

2021-01-09 01:14:11,826 INFO [capacityManagement] end correct usage, cost: 0s

2021-01-09 01:16:20,053 WARN clearConfigHistory start

2021-01-09 01:24:11,828 INFO [capacityManagement] start correct usage

2021-01-09 01:24:11,828 INFO [capacityManagement] end correct usage, cost: 0s

2021-01-09 01:26:20,054 WARN clearConfigHistory start

2021-01-09 01:34:11,829 INFO [capacityManagement] start correct usage

2021-01-09 01:34:11,830 INFO [capacityManagement] end correct usage, cost: 0s

2021-01-09 01:36:20,057 WARN clearConfigHistory start

2021-01-09 01:44:11,831 INFO [capacityManagement] start correct usage

2021-01-09 01:44:11,832 INFO [capacityManagement] end correct usage, cost: 0s

2021-01-09 01:46:20,059 WARN clearConfigHistory start

2021-01-09 01:54:11,833 INFO [capacityManagement] start correct usage

2021-01-09 01:54:11,833 INFO [capacityManagement] end correct usage, cost: 0s

2021-01-09 01:56:20,061 WARN clearConfigHistory start

2021-01-09 02:04:11,835 INFO [capacityManagement] start correct usage

2021-01-09 02:04:11,835 INFO [capacityManagement] end correct usage, cost: 0s

2021-01-09 02:06:20,061 WARN clearConfigHistory start

2021-01-09 02:14:11,843 INFO [capacityManagement] start correct usage

2021-01-09 02:14:11,844 INFO [capacityManagement] end correct usage, cost: 0s

2021-01-09 02:16:20,063 WARN clearConfigHistory start

2021-01-09 02:24:11,846 INFO [capacityManagement] start correct usage

2021-01-09 02:24:11,846 INFO [capacityManagement] end correct usage, cost: 0s

2021-01-09 02:26:20,064 WARN clearConfigHistory start

2021-01-09 02:34:11,857 INFO [capacityManagement] start correct usage

2021-01-09 02:34:11,858 INFO [capacityManagement] end correct usage, cost: 0s

2021-01-09 02:36:20,067 WARN clearConfigHistory start

2021-01-09 02:44:11,859 INFO [capacityManagement] start correct usage

2021-01-09 02:44:11,862 INFO [capacityManagement] end correct usage, cost: 0s

2021-01-09 02:46:20,067 WARN clearConfigHistory start

2021-01-09 02:54:11,863 INFO [capacityManagement] start correct usage

2021-01-09 02:54:11,866 INFO [capacityManagement] end correct usage, cost: 0s

2021-01-09 02:56:20,075 WARN clearConfigHistory start

2021-01-09 03:04:11,869 INFO [capacityManagement] start correct usage

2021-01-09 03:04:11,869 INFO [capacityManagement] end correct usage, cost: 0s

2021-01-09 03:06:20,077 WARN clearConfigHistory start

2021-01-09 03:14:11,870 INFO [capacityManagement] start correct usage

2021-01-09 03:14:11,871 INFO [capacityManagement] end correct usage, cost: 0s

2021-01-09 03:16:20,078 WARN clearConfigHistory start

2021-01-09 03:24:11,872 INFO [capacityManagement] start correct usage

2021-01-09 03:24:11,872 INFO [capacityManagement] end correct usage, cost: 0s

2021-01-09 03:26:20,079 WARN clearConfigHistory start

2021-01-09 03:34:11,875 INFO [capacityManagement] start correct usage

2021-01-09 03:34:11,876 INFO [capacityManagement] end correct usage, cost: 0s

2021-01-09 03:36:20,082 WARN clearConfigHistory start

2021-01-09 03:44:11,876 INFO [capacityManagement] start correct usage

2021-01-09 03:44:11,877 INFO [capacityManagement] end correct usage, cost: 0s

2021-01-09 03:46:20,083 WARN clearConfigHistory start

2021-01-09 03:54:11,879 INFO [capacityManagement] start correct usage

2021-01-09 03:54:11,879 INFO [capacityManagement] end correct usage, cost: 0s

2021-01-09 03:56:20,084 WARN clearConfigHistory start

2021-01-09 04:04:11,880 INFO [capacityManagement] start correct usage

2021-01-09 04:04:11,881 INFO [capacityManagement] end correct usage, cost: 0s

2021-01-09 04:06:20,086 WARN clearConfigHistory start

2021-01-09 04:14:11,883 INFO [capacityManagement] start correct usage

2021-01-09 04:14:11,884 INFO [capacityManagement] end correct usage, cost: 0s

2021-01-09 04:16:20,092 WARN clearConfigHistory start

2021-01-09 04:24:11,885 INFO [capacityManagement] start correct usage

2021-01-09 04:24:11,886 INFO [capacityManagement] end correct usage, cost: 0s

2021-01-09 04:26:20,094 WARN clearConfigHistory start

2021-01-09 04:34:11,887 INFO [capacityManagement] start correct usage

2021-01-09 04:34:11,888 INFO [capacityManagement] end correct usage, cost: 0s

2021-01-09 04:36:20,096 WARN clearConfigHistory start

2021-01-09 04:44:11,888 INFO [capacityManagement] start correct usage

2021-01-09 04:44:11,889 INFO [capacityManagement] end correct usage, cost: 0s

2021-01-09 04:46:20,096 WARN clearConfigHistory start

2021-01-09 04:54:11,891 INFO [capacityManagement] start correct usage

2021-01-09 04:54:11,891 INFO [capacityManagement] end correct usage, cost: 0s

2021-01-09 04:56:20,098 WARN clearConfigHistory start

2021-01-09 05:04:11,900 INFO [capacityManagement] start correct usage

2021-01-09 05:04:11,901 INFO [capacityManagement] end correct usage, cost: 0s

2021-01-09 05:06:20,099 WARN clearConfigHistory start

2021-01-09 05:14:11,903 INFO [capacityManagement] start correct usage

2021-01-09 05:14:11,903 INFO [capacityManagement] end correct usage, cost: 0s

2021-01-09 05:16:20,102 WARN clearConfigHistory start

2021-01-09 05:24:11,904 INFO [capacityManagement] start correct usage

2021-01-09 05:24:11,904 INFO [capacityManagement] end correct usage, cost: 0s

2021-01-09 05:26:20,104 WARN clearConfigHistory start

2021-01-09 05:34:11,906 INFO [capacityManagement] start correct usage

2021-01-09 05:34:11,907 INFO [capacityManagement] end correct usage, cost: 0s

2021-01-09 05:36:20,105 WARN clearConfigHistory start

2021-01-09 05:44:11,908 INFO [capacityManagement] start correct usage

2021-01-09 05:44:11,908 INFO [capacityManagement] end correct usage, cost: 0s

2021-01-09 05:46:20,106 WARN clearConfigHistory start

2021-01-09 05:54:11,909 INFO [capacityManagement] start correct usage

2021-01-09 05:54:11,909 INFO [capacityManagement] end correct usage, cost: 0s

2021-01-09 05:56:20,108 WARN clearConfigHistory start

2021-01-09 06:04:11,910 INFO [capacityManagement] start correct usage

2021-01-09 06:04:11,910 INFO [capacityManagement] end correct usage, cost: 0s

2021-01-09 06:06:20,110 WARN clearConfigHistory start

2021-01-09 06:14:11,911 INFO [capacityManagement] start correct usage

2021-01-09 06:14:11,911 INFO [capacityManagement] end correct usage, cost: 0s

2021-01-09 06:16:20,111 WARN clearConfigHistory start

2021-01-09 06:24:11,913 INFO [capacityManagement] start correct usage

2021-01-09 06:24:11,913 INFO [capacityManagement] end correct usage, cost: 0s

2021-01-09 06:26:20,112 WARN clearConfigHistory start

2021-01-09 06:34:11,915 INFO [capacityManagement] start correct usage

2021-01-09 06:34:11,915 INFO [capacityManagement] end correct usage, cost: 0s

2021-01-09 06:36:20,114 WARN clearConfigHistory start

2021-01-09 06:44:11,916 INFO [capacityManagement] start correct usage

2021-01-09 06:44:11,916 INFO [capacityManagement] end correct usage, cost: 0s

2021-01-09 06:46:20,115 WARN clearConfigHistory start

2021-01-09 06:54:11,918 INFO [capacityManagement] start correct usage

2021-01-09 06:54:11,918 INFO [capacityManagement] end correct usage, cost: 0s

2021-01-09 06:56:20,116 WARN clearConfigHistory start

2021-01-09 07:04:11,919 INFO [capacityManagement] start correct usage

2021-01-09 07:04:11,919 INFO [capacityManagement] end correct usage, cost: 0s

2021-01-09 07:06:20,118 WARN clearConfigHistory start

2021-01-09 07:14:11,925 INFO [capacityManagement] start correct usage

2021-01-09 07:14:11,926 INFO [capacityManagement] end correct usage, cost: 0s

2021-01-09 07:16:20,119 WARN clearConfigHistory start

2021-01-09 07:24:11,927 INFO [capacityManagement] start correct usage

2021-01-09 07:24:11,927 INFO [capacityManagement] end correct usage, cost: 0s

2021-01-09 07:26:20,122 WARN clearConfigHistory start

2021-01-09 07:34:11,938 INFO [capacityManagement] start correct usage

2021-01-09 07:34:11,938 INFO [capacityManagement] end correct usage, cost: 0s

2021-01-09 07:36:20,123 WARN clearConfigHistory start

2021-01-09 07:44:11,940 INFO [capacityManagement] start correct usage

2021-01-09 07:44:11,940 INFO [capacityManagement] end correct usage, cost: 0s

2021-01-09 07:46:20,124 WARN clearConfigHistory start

2021-01-09 07:54:11,942 INFO [capacityManagement] start correct usage

2021-01-09 07:54:11,942 INFO [capacityManagement] end correct usage, cost: 0s

2021-01-09 07:56:20,137 WARN clearConfigHistory start

2021-01-09 08:04:11,944 INFO [capacityManagement] start correct usage

2021-01-09 08:04:11,945 INFO [capacityManagement] end correct usage, cost: 0s

2021-01-09 08:06:20,140 WARN clearConfigHistory start

2021-01-09 08:14:11,946 INFO [capacityManagement] start correct usage

2021-01-09 08:14:11,946 INFO [capacityManagement] end correct usage, cost: 0s

2021-01-09 08:16:20,141 WARN clearConfigHistory start

2021-01-09 08:24:11,947 INFO [capacityManagement] start correct usage

2021-01-09 08:24:11,947 INFO [capacityManagement] end correct usage, cost: 0s

2021-01-09 08:26:20,142 WARN clearConfigHistory start

2021-01-09 08:34:11,949 INFO [capacityManagement] start correct usage

2021-01-09 08:34:11,949 INFO [capacityManagement] end correct usage, cost: 0s

2021-01-09 08:36:20,144 WARN clearConfigHistory start

2021-01-09 08:44:11,950 INFO [capacityManagement] start correct usage

2021-01-09 08:44:11,951 INFO [capacityManagement] end correct usage, cost: 0s

2021-01-09 08:46:20,152 WARN clearConfigHistory start

2021-01-09 08:54:11,952 INFO [capacityManagement] start correct usage

2021-01-09 08:54:11,952 INFO [capacityManagement] end correct usage, cost: 0s

2021-01-09 08:56:20,154 WARN clearConfigHistory start

2021-01-09 09:04:11,953 INFO [capacityManagement] start correct usage

2021-01-09 09:04:11,954 INFO [capacityManagement] end correct usage, cost: 0s

2021-01-09 09:06:20,157 WARN clearConfigHistory start

2021-01-09 09:14:11,956 INFO [capacityManagement] start correct usage

2021-01-09 09:14:11,957 INFO [capacityManagement] end correct usage, cost: 0s

2021-01-09 09:16:20,158 WARN clearConfigHistory start

2021-01-09 09:24:11,958 INFO [capacityManagement] start correct usage

2021-01-09 09:24:11,958 INFO [capacityManagement] end correct usage, cost: 0s

2021-01-09 09:26:20,165 WARN clearConfigHistory start

2021-01-09 09:34:11,960 INFO [capacityManagement] start correct usage

2021-01-09 09:34:11,960 INFO [capacityManagement] end correct usage, cost: 0s

2021-01-09 09:36:20,168 WARN clearConfigHistory start

2021-01-09 09:44:11,973 INFO [capacityManagement] start correct usage

2021-01-09 09:44:11,973 INFO [capacityManagement] end correct usage, cost: 0s

2021-01-09 09:46:20,171 WARN clearConfigHistory start

2021-01-09 09:54:11,974 INFO [capacityManagement] start correct usage

2021-01-09 09:54:11,974 INFO [capacityManagement] end correct usage, cost: 0s

2021-01-09 09:56:20,173 WARN clearConfigHistory start

2021-01-09 10:04:11,976 INFO [capacityManagement] start correct usage

2021-01-09 10:04:11,976 INFO [capacityManagement] end correct usage, cost: 0s

2021-01-09 10:06:20,174 WARN clearConfigHistory start

2021-01-09 10:14:11,978 INFO [capacityManagement] start correct usage

2021-01-09 10:14:11,978 INFO [capacityManagement] end correct usage, cost: 0s

2021-01-09 10:16:20,177 WARN clearConfigHistory start

2021-01-09 10:24:11,979 INFO [capacityManagement] start correct usage

2021-01-09 10:24:11,982 INFO [capacityManagement] end correct usage, cost: 0s

2021-01-09 10:26:20,178 WARN clearConfigHistory start

2021-01-09 10:34:11,984 INFO [capacityManagement] start correct usage

2021-01-09 10:34:11,984 INFO [capacityManagement] end correct usage, cost: 0s

2021-01-09 10:36:20,180 WARN clearConfigHistory start

2021-01-09 10:44:11,985 INFO [capacityManagement] start correct usage

2021-01-09 10:44:11,985 INFO [capacityManagement] end correct usage, cost: 0s

2021-01-09 10:46:20,185 WARN clearConfigHistory start

2021-01-09 10:54:11,995 INFO [capacityManagement] start correct usage

2021-01-09 10:54:11,996 INFO [capacityManagement] end correct usage, cost: 0s

2021-01-09 10:56:20,188 WARN clearConfigHistory start

2021-01-09 11:04:11,997 INFO [capacityManagement] start correct usage

2021-01-09 11:04:11,997 INFO [capacityManagement] end correct usage, cost: 0s

2021-01-09 11:06:20,189 WARN clearConfigHistory start

2021-01-09 11:14:11,998 INFO [capacityManagement] start correct usage

2021-01-09 11:14:11,998 INFO [capacityManagement] end correct usage, cost: 0s

2021-01-09 11:16:20,190 WARN clearConfigHistory start

2021-01-09 11:24:12,000 INFO [capacityManagement] start correct usage

2021-01-09 11:24:12,000 INFO [capacityManagement] end correct usage, cost: 0s

2021-01-09 11:26:20,192 WARN clearConfigHistory start

2021-01-09 11:34:12,009 INFO [capacityManagement] start correct usage

2021-01-09 11:34:12,010 INFO [capacityManagement] end correct usage, cost: 0s

2021-01-09 11:36:20,194 WARN clearConfigHistory start

2021-01-09 11:44:12,012 INFO [capacityManagement] start correct usage

2021-01-09 11:44:12,012 INFO [capacityManagement] end correct usage, cost: 0s

2021-01-09 11:46:20,196 WARN clearConfigHistory start

2021-01-09 11:54:12,013 INFO [capacityManagement] start correct usage

2021-01-09 11:54:12,014 INFO [capacityManagement] end correct usage, cost: 0s

2021-01-09 11:56:20,198 WARN clearConfigHistory start

2021-01-09 12:04:12,016 INFO [capacityManagement] start correct usage

2021-01-09 12:04:12,016 INFO [capacityManagement] end correct usage, cost: 0s

2021-01-09 12:06:20,199 WARN clearConfigHistory start

2021-01-09 12:14:12,020 INFO [capacityManagement] start correct usage

2021-01-09 12:14:12,021 INFO [capacityManagement] end correct usage, cost: 0s

2021-01-09 12:16:20,200 WARN clearConfigHistory start

2021-01-09 12:24:12,022 INFO [capacityManagement] start correct usage

2021-01-09 12:24:12,022 INFO [capacityManagement] end correct usage, cost: 0s

2021-01-09 12:26:20,202 WARN clearConfigHistory start

2021-01-09 12:34:12,030 INFO [capacityManagement] start correct usage

2021-01-09 12:34:12,033 INFO [capacityManagement] end correct usage, cost: 0s

2021-01-09 12:36:20,204 WARN clearConfigHistory start

2021-01-09 12:44:12,034 INFO [capacityManagement] start correct usage

2021-01-09 12:44:12,034 INFO [capacityManagement] end correct usage, cost: 0s

2021-01-09 12:46:20,205 WARN clearConfigHistory start

2021-01-09 12:54:12,035 INFO [capacityManagement] start correct usage

2021-01-09 12:54:12,036 INFO [capacityManagement] end correct usage, cost: 0s

2021-01-09 12:56:20,209 WARN clearConfigHistory start

2021-01-09 13:04:12,037 INFO [capacityManagement] start correct usage

2021-01-09 13:04:12,038 INFO [capacityManagement] end correct usage, cost: 0s

2021-01-09 13:06:20,210 WARN clearConfigHistory start

2021-01-09 13:14:12,040 INFO [capacityManagement] start correct usage

2021-01-09 13:14:12,041 INFO [capacityManagement] end correct usage, cost: 0s

2021-01-09 13:16:20,218 WARN clearConfigHistory start

2021-01-09 13:24:12,050 INFO [capacityManagement] start correct usage

2021-01-09 13:24:12,050 INFO [capacityManagement] end correct usage, cost: 0s

2021-01-09 13:26:20,220 WARN clearConfigHistory start

2021-01-09 13:34:12,052 INFO [capacityManagement] start correct usage

2021-01-09 13:34:12,053 INFO [capacityManagement] end correct usage, cost: 0s

2021-01-09 13:36:20,223 WARN clearConfigHistory start

2021-01-09 13:44:12,054 INFO [capacityManagement] start correct usage

2021-01-09 13:44:12,055 INFO [capacityManagement] end correct usage, cost: 0s

2021-01-09 13:46:20,224 WARN clearConfigHistory start

2021-01-09 13:54:12,057 INFO [capacityManagement] start correct usage

2021-01-09 13:54:12,058 INFO [capacityManagement] end correct usage, cost: 0s

2021-01-09 13:56:20,225 WARN clearConfigHistory start

2021-01-09 14:04:12,059 INFO [capacityManagement] start correct usage

2021-01-09 14:04:12,060 INFO [capacityManagement] end correct usage, cost: 0s

2021-01-09 14:06:20,229 WARN clearConfigHistory start

2021-01-09 14:16:58,619 INFO Starting Nacos v1.4.0 on DESKTOP-AO43803 with PID 1572 (D:\workspace\me\nacos-server-1.4.0\nacos\target\nacos-server.jar started by DB-IT-B in D:\workspace\me\nacos-server-1.4.0\nacos\bin)

2021-01-09 14:16:58,619 INFO The following profiles are active: standalone

2021-01-09 14:17:07,170 INFO Bean 'org.springframework.security.access.expression.method.DefaultMethodSecurityExpressionHandler@5e3d57c7' of type [org.springframework.security.access.expression.method.DefaultMethodSecurityExpressionHandler] is not eligible for getting processed by all BeanPostProcessors (for example: not eligible for auto-proxying)

2021-01-09 14:17:07,175 INFO Bean 'methodSecurityMetadataSource' of type [org.springframework.security.access.method.DelegatingMethodSecurityMetadataSource] is not eligible for getting processed by all BeanPostProcessors (for example: not eligible for auto-proxying)

2021-01-09 14:17:08,102 INFO Tomcat initialized with port(s): 8848 (http)

2021-01-09 14:17:08,132 INFO Starting service [Tomcat]

2021-01-09 14:17:08,132 INFO Starting Servlet engine: [Apache Tomcat/9.0.38]

2021-01-09 14:17:08,550 INFO At least one JAR was scanned for TLDs yet contained no TLDs. Enable debug logging for this logger for a complete list of JARs that were scanned but no TLDs were found in them. Skipping unneeded JARs during scanning can improve startup time and JSP compilation time.

2021-01-09 14:17:08,587 INFO Initializing Spring embedded WebApplicationContext

2021-01-09 14:17:08,587 INFO Root WebApplicationContext: initialization completed in 9830 ms

2021-01-09 14:17:08,989 INFO HikariPool-1 - Starting...

2021-01-09 14:17:09,187 INFO HikariPool-1 - Start completed.

2021-01-09 14:17:10,115 INFO Nacos-related cluster resource initialization

2021-01-09 14:17:10,125 INFO The cluster resource is initialized

2021-01-09 14:17:12,839 INFO Reflections took 61 ms to scan 1 urls, producing 6 keys and 26 values 

2021-01-09 14:17:12,890 INFO Reflections took 3 ms to scan 1 urls, producing 2 keys and 12 values 

2021-01-09 14:17:12,898 INFO Reflections took 4 ms to scan 1 urls, producing 3 keys and 15 values 

2021-01-09 14:17:14,259 INFO Initializing ExecutorService 'applicationTaskExecutor'

2021-01-09 14:17:14,421 INFO Adding welcome page: class path resource [static/index.html]

2021-01-09 14:17:15,338 INFO Creating filter chain: Ant [pattern='/**'], []

2021-01-09 14:17:15,391 INFO Creating filter chain: any request, [org.springframework.security.web.context.request.async.WebAsyncManagerIntegrationFilter@27dc79f7, org.springframework.security.web.context.SecurityContextPersistenceFilter@3fabf088, org.springframework.security.web.header.HeaderWriterFilter@3abd581e, org.springframework.security.web.csrf.CsrfFilter@33c2bd, org.springframework.security.web.authentication.logout.LogoutFilter@51b01960, org.springframework.security.web.savedrequest.RequestCacheAwareFilter@12f3afb5, org.springframework.security.web.servletapi.SecurityContextHolderAwareRequestFilter@7bd69e82, org.springframework.security.web.authentication.AnonymousAuthenticationFilter@6b85300e, org.springframework.security.web.session.SessionManagementFilter@610db97e, org.springframework.security.web.access.ExceptionTranslationFilter@3c321bdb]

2021-01-09 14:17:15,649 INFO Initializing ExecutorService 'taskScheduler'

2021-01-09 14:17:15,682 INFO Exposing 2 endpoint(s) beneath base path '/actuator'

2021-01-09 14:17:15,844 INFO Tomcat started on port(s): 8848 (http) with context path '/nacos'

2021-01-09 14:17:15,848 INFO Started Nacos in 19.343 seconds (JVM running for 20.241)

2021-01-09 14:17:15,848 INFO Nacos Log files: D:\workspace\me\nacos-server-1.4.0\nacos\logs

2021-01-09 14:17:15,849 INFO Nacos Log files: D:\workspace\me\nacos-server-1.4.0\nacos\conf

2021-01-09 14:17:15,849 INFO Nacos Log files: D:\workspace\me\nacos-server-1.4.0\nacos\data

2021-01-09 14:17:15,849 INFO Nacos started successfully in stand alone mode. use external storage

2021-01-09 14:17:15,907 INFO Initializing Spring DispatcherServlet 'dispatcherServlet'

2021-01-09 14:17:15,907 INFO Initializing Servlet 'dispatcherServlet'

2021-01-09 14:17:15,916 INFO Completed initialization in 9 ms

2021-01-09 14:27:13,146 INFO [capacityManagement] start correct usage

2021-01-09 14:27:13,148 INFO [capacityManagement] end correct usage, cost: 0s

2021-01-09 14:27:13,344 WARN clearConfigHistory start

2021-01-09 14:37:13,160 INFO [capacityManagement] start correct usage

2021-01-09 14:37:13,160 INFO [capacityManagement] end correct usage, cost: 0s

2021-01-09 14:37:13,348 WARN clearConfigHistory start

2021-01-09 14:47:13,162 INFO [capacityManagement] start correct usage

2021-01-09 14:47:13,164 INFO [capacityManagement] end correct usage, cost: 0s

2021-01-09 14:47:13,349 WARN clearConfigHistory start

2021-01-09 14:57:13,166 INFO [capacityManagement] start correct usage

2021-01-09 14:57:13,166 INFO [capacityManagement] end correct usage, cost: 0s

2021-01-09 14:57:13,355 WARN clearConfigHistory start

2021-01-09 15:07:13,167 INFO [capacityManagement] start correct usage

2021-01-09 15:07:13,168 INFO [capacityManagement] end correct usage, cost: 0s

2021-01-09 15:07:13,372 WARN clearConfigHistory start

2021-01-09 15:17:13,168 INFO [capacityManagement] start correct usage

2021-01-09 15:17:13,169 INFO [capacityManagement] end correct usage, cost: 0s

2021-01-09 15:17:13,375 WARN clearConfigHistory start

2021-01-09 15:27:13,170 INFO [capacityManagement] start correct usage

2021-01-09 15:27:13,171 INFO [capacityManagement] end correct usage, cost: 0s

2021-01-09 15:27:13,377 WARN clearConfigHistory start

2021-01-09 15:37:13,172 INFO [capacityManagement] start correct usage

2021-01-09 15:37:13,173 INFO [capacityManagement] end correct usage, cost: 0s

2021-01-09 15:37:13,379 WARN clearConfigHistory start

2021-01-09 15:47:13,174 INFO [capacityManagement] start correct usage

2021-01-09 15:47:13,175 INFO [capacityManagement] end correct usage, cost: 0s

2021-01-09 15:47:13,381 WARN clearConfigHistory start

2021-01-09 15:57:13,176 INFO [capacityManagement] start correct usage

2021-01-09 15:57:13,177 INFO [capacityManagement] end correct usage, cost: 0s

2021-01-09 15:57:13,383 WARN clearConfigHistory start

2021-01-09 16:07:13,179 INFO [capacityManagement] start correct usage

2021-01-09 16:07:13,179 INFO [capacityManagement] end correct usage, cost: 0s

2021-01-09 16:07:13,385 WARN clearConfigHistory start

2021-01-09 16:17:13,181 INFO [capacityManagement] start correct usage

2021-01-09 16:17:13,182 INFO [capacityManagement] end correct usage, cost: 0s

2021-01-09 16:17:13,387 WARN clearConfigHistory start

2021-01-09 16:27:13,183 INFO [capacityManagement] start correct usage

2021-01-09 16:27:13,183 INFO [capacityManagement] end correct usage, cost: 0s

2021-01-09 16:27:13,388 WARN clearConfigHistory start

2021-01-09 16:37:13,196 INFO [capacityManagement] start correct usage

2021-01-09 16:37:13,197 INFO [capacityManagement] end correct usage, cost: 0s

2021-01-09 16:37:13,391 WARN clearConfigHistory start

2021-01-09 16:47:13,198 INFO [capacityManagement] start correct usage

2021-01-09 16:47:13,199 INFO [capacityManagement] end correct usage, cost: 0s

2021-01-09 16:47:13,393 WARN clearConfigHistory start

2021-01-09 16:57:13,213 INFO [capacityManagement] start correct usage

2021-01-09 16:57:13,214 INFO [capacityManagement] end correct usage, cost: 0s

2021-01-09 16:57:13,394 WARN clearConfigHistory start

2021-01-09 17:07:13,215 INFO [capacityManagement] start correct usage

2021-01-09 17:07:13,216 INFO [capacityManagement] end correct usage, cost: 0s

2021-01-09 17:07:13,396 WARN clearConfigHistory start

2021-01-09 17:17:13,217 INFO [capacityManagement] start correct usage

2021-01-09 17:17:13,218 INFO [capacityManagement] end correct usage, cost: 0s

2021-01-09 17:17:13,397 WARN clearConfigHistory start

2021-01-09 17:27:13,220 INFO [capacityManagement] start correct usage

2021-01-09 17:27:13,221 INFO [capacityManagement] end correct usage, cost: 0s

2021-01-09 17:27:13,398 WARN clearConfigHistory start

2021-01-09 17:37:13,222 INFO [capacityManagement] start correct usage

2021-01-09 17:37:13,222 INFO [capacityManagement] end correct usage, cost: 0s

2021-01-09 17:37:13,400 WARN clearConfigHistory start

2021-01-09 17:47:13,224 INFO [capacityManagement] start correct usage

2021-01-09 17:47:13,225 INFO [capacityManagement] end correct usage, cost: 0s

2021-01-09 17:47:13,403 WARN clearConfigHistory start

2021-01-09 17:57:13,227 INFO [capacityManagement] start correct usage

2021-01-09 17:57:13,227 INFO [capacityManagement] end correct usage, cost: 0s

2021-01-09 17:57:13,405 WARN clearConfigHistory start

2021-01-09 18:07:13,229 INFO [capacityManagement] start correct usage

2021-01-09 18:07:13,229 INFO [capacityManagement] end correct usage, cost: 0s

2021-01-09 18:07:13,407 WARN clearConfigHistory start

