2021-01-09 00:04:42,053 INFO PERFORMANCE:|2|2|-1|-1

2021-01-09 00:09:42,056 INFO PERFORMANCE:|2|2|-1|-1

2021-01-09 00:14:42,057 INFO PERFORMANCE:|2|2|-1|-1

2021-01-09 00:19:42,058 INFO PERFORMANCE:|2|2|-1|-1

2021-01-09 00:24:42,059 INFO PERFORMANCE:|2|2|-1|-1

2021-01-09 00:29:42,061 INFO PERFORMANCE:|2|2|-1|-1

2021-01-09 00:34:42,062 INFO PERFORMANCE:|2|2|-1|-1

2021-01-09 00:39:42,064 INFO PERFORMANCE:|2|2|-1|-1

2021-01-09 00:44:42,074 INFO PERFORMANCE:|2|2|-1|-1

2021-01-09 00:49:42,075 INFO PERFORMANCE:|2|2|-1|-1

2021-01-09 00:54:42,076 INFO PERFORMANCE:|2|2|-1|-1

2021-01-09 00:59:42,077 INFO PERFORMANCE:|2|2|-1|-1

2021-01-09 01:04:42,078 INFO PERFORMANCE:|2|2|-1|-1

2021-01-09 01:09:42,082 INFO PERFORMANCE:|2|2|-1|-1

2021-01-09 01:14:42,091 INFO PERFORMANCE:|2|2|-1|-1

2021-01-09 01:19:42,092 INFO PERFORMANCE:|2|2|-1|-1

2021-01-09 01:24:42,093 INFO PERFORMANCE:|2|2|-1|-1

2021-01-09 01:29:42,095 INFO PERFORMANCE:|2|2|-1|-1

2021-01-09 01:34:42,106 INFO PERFORMANCE:|2|2|-1|-1

2021-01-09 01:39:42,107 INFO PERFORMANCE:|2|2|-1|-1

2021-01-09 01:44:42,109 INFO PERFORMANCE:|2|2|-1|-1

2021-01-09 01:49:42,110 INFO PERFORMANCE:|2|2|-1|-1

2021-01-09 01:54:42,112 INFO PERFORMANCE:|2|2|-1|-1

2021-01-09 01:59:42,125 INFO PERFORMANCE:|2|2|-1|-1

2021-01-09 02:04:42,126 INFO PERFORMANCE:|2|2|-1|-1

2021-01-09 02:09:42,127 INFO PERFORMANCE:|2|2|-1|-1

2021-01-09 02:14:42,128 INFO PERFORMANCE:|2|2|-1|-1

2021-01-09 02:19:42,130 INFO PERFORMANCE:|2|2|-1|-1

2021-01-09 02:24:42,130 INFO PERFORMANCE:|2|2|-1|-1

2021-01-09 02:29:42,132 INFO PERFORMANCE:|2|2|-1|-1

2021-01-09 02:34:42,133 INFO PERFORMANCE:|2|2|-1|-1

2021-01-09 02:39:42,134 INFO PERFORMANCE:|2|2|-1|-1

2021-01-09 02:44:42,135 INFO PERFORMANCE:|2|2|-1|-1

2021-01-09 02:49:42,137 INFO PERFORMANCE:|2|2|-1|-1

2021-01-09 02:54:42,147 INFO PERFORMANCE:|2|2|-1|-1

2021-01-09 02:59:42,149 INFO PERFORMANCE:|2|2|-1|-1

2021-01-09 03:04:42,149 INFO PERFORMANCE:|2|2|-1|-1

2021-01-09 03:09:42,150 INFO PERFORMANCE:|2|2|-1|-1

2021-01-09 03:14:42,152 INFO PERFORMANCE:|2|2|-1|-1

2021-01-09 03:19:42,153 INFO PERFORMANCE:|2|2|-1|-1

2021-01-09 03:24:42,161 INFO PERFORMANCE:|2|2|-1|-1

2021-01-09 03:29:42,162 INFO PERFORMANCE:|2|2|-1|-1

2021-01-09 03:34:42,163 INFO PERFORMANCE:|2|2|-1|-1

2021-01-09 03:39:42,165 INFO PERFORMANCE:|2|2|-1|-1

2021-01-09 03:44:42,167 INFO PERFORMANCE:|2|2|-1|-1

2021-01-09 03:49:42,168 INFO PERFORMANCE:|2|2|-1|-1

2021-01-09 03:54:42,169 INFO PERFORMANCE:|2|2|-1|-1

2021-01-09 03:59:42,171 INFO PERFORMANCE:|2|2|-1|-1

2021-01-09 04:04:42,172 INFO PERFORMANCE:|2|2|-1|-1

2021-01-09 04:09:42,173 INFO PERFORMANCE:|2|2|-1|-1

2021-01-09 04:14:42,173 INFO PERFORMANCE:|2|2|-1|-1

2021-01-09 04:19:42,175 INFO PERFORMANCE:|2|2|-1|-1

2021-01-09 04:24:42,189 INFO PERFORMANCE:|2|2|-1|-1

2021-01-09 04:29:42,204 INFO PERFORMANCE:|2|2|-1|-1

2021-01-09 04:34:42,206 INFO PERFORMANCE:|2|2|-1|-1

2021-01-09 04:39:42,207 INFO PERFORMANCE:|2|2|-1|-1

2021-01-09 04:44:42,208 INFO PERFORMANCE:|2|2|-1|-1

2021-01-09 04:49:42,209 INFO PERFORMANCE:|2|2|-1|-1

2021-01-09 04:54:42,210 INFO PERFORMANCE:|2|2|-1|-1

2021-01-09 04:59:42,212 INFO PERFORMANCE:|2|2|-1|-1

2021-01-09 05:04:42,213 INFO PERFORMANCE:|2|2|-1|-1

2021-01-09 05:09:42,215 INFO PERFORMANCE:|2|2|-1|-1

2021-01-09 05:14:42,217 INFO PERFORMANCE:|2|2|-1|-1

2021-01-09 05:19:42,219 INFO PERFORMANCE:|2|2|-1|-1

2021-01-09 05:24:42,220 INFO PERFORMANCE:|2|2|-1|-1

2021-01-09 05:29:42,220 INFO PERFORMANCE:|2|2|-1|-1

2021-01-09 05:34:42,222 INFO PERFORMANCE:|2|2|-1|-1

2021-01-09 05:39:42,223 INFO PERFORMANCE:|2|2|-1|-1

2021-01-09 05:44:42,232 INFO PERFORMANCE:|2|2|-1|-1

2021-01-09 05:49:42,233 INFO PERFORMANCE:|2|2|-1|-1

2021-01-09 05:54:42,234 INFO PERFORMANCE:|2|2|-1|-1

2021-01-09 05:59:42,236 INFO PERFORMANCE:|2|2|-1|-1

2021-01-09 06:04:42,243 INFO PERFORMANCE:|2|2|-1|-1

2021-01-09 06:09:42,244 INFO PERFORMANCE:|2|2|-1|-1

2021-01-09 06:14:42,245 INFO PERFORMANCE:|2|2|-1|-1

2021-01-09 06:19:42,247 INFO PERFORMANCE:|2|2|-1|-1

2021-01-09 06:24:42,248 INFO PERFORMANCE:|2|2|-1|-1

2021-01-09 06:29:42,250 INFO PERFORMANCE:|2|2|-1|-1

2021-01-09 06:34:42,251 INFO PERFORMANCE:|2|2|-1|-1

2021-01-09 06:39:42,252 INFO PERFORMANCE:|2|2|-1|-1

2021-01-09 06:44:42,253 INFO PERFORMANCE:|2|2|-1|-1

2021-01-09 06:49:42,254 INFO PERFORMANCE:|2|2|-1|-1

2021-01-09 06:54:42,268 INFO PERFORMANCE:|2|2|-1|-1

2021-01-09 06:59:42,273 INFO PERFORMANCE:|2|2|-1|-1

2021-01-09 07:04:42,274 INFO PERFORMANCE:|2|2|-1|-1

2021-01-09 07:09:42,275 INFO PERFORMANCE:|2|2|-1|-1

2021-01-09 07:14:42,276 INFO PERFORMANCE:|2|2|-1|-1

2021-01-09 07:19:42,277 INFO PERFORMANCE:|2|2|-1|-1

2021-01-09 07:24:42,290 INFO PERFORMANCE:|2|2|-1|-1

2021-01-09 07:29:42,292 INFO PERFORMANCE:|2|2|-1|-1

2021-01-09 07:34:42,293 INFO PERFORMANCE:|2|2|-1|-1

2021-01-09 07:39:42,295 INFO PERFORMANCE:|2|2|-1|-1

2021-01-09 07:44:42,296 INFO PERFORMANCE:|2|2|-1|-1

2021-01-09 07:49:42,298 INFO PERFORMANCE:|2|2|-1|-1

2021-01-09 07:54:42,306 INFO PERFORMANCE:|2|2|-1|-1

2021-01-09 07:59:42,308 INFO PERFORMANCE:|2|2|-1|-1

2021-01-09 08:04:42,311 INFO PERFORMANCE:|2|2|-1|-1

2021-01-09 08:09:42,312 INFO PERFORMANCE:|2|2|-1|-1

2021-01-09 08:14:42,314 INFO PERFORMANCE:|2|2|-1|-1

2021-01-09 08:19:42,315 INFO PERFORMANCE:|2|2|-1|-1

2021-01-09 08:24:42,316 INFO PERFORMANCE:|2|2|-1|-1

2021-01-09 08:29:42,317 INFO PERFORMANCE:|2|2|-1|-1

2021-01-09 08:34:42,319 INFO PERFORMANCE:|2|2|-1|-1

2021-01-09 08:39:42,320 INFO PERFORMANCE:|2|2|-1|-1

2021-01-09 08:44:42,321 INFO PERFORMANCE:|2|2|-1|-1

2021-01-09 08:49:42,322 INFO PERFORMANCE:|2|2|-1|-1

2021-01-09 08:54:42,323 INFO PERFORMANCE:|2|2|-1|-1

2021-01-09 08:59:42,324 INFO PERFORMANCE:|2|2|-1|-1

2021-01-09 09:04:42,325 INFO PERFORMANCE:|2|2|-1|-1

2021-01-09 09:09:42,327 INFO PERFORMANCE:|2|2|-1|-1

2021-01-09 09:14:42,329 INFO PERFORMANCE:|2|2|-1|-1

2021-01-09 09:19:42,330 INFO PERFORMANCE:|2|2|-1|-1

2021-01-09 09:24:42,332 INFO PERFORMANCE:|2|2|-1|-1

2021-01-09 09:29:42,332 INFO PERFORMANCE:|2|2|-1|-1

2021-01-09 09:34:42,334 INFO PERFORMANCE:|2|2|-1|-1

2021-01-09 09:39:42,334 INFO PERFORMANCE:|2|2|-1|-1

2021-01-09 09:44:42,335 INFO PERFORMANCE:|2|2|-1|-1

2021-01-09 09:49:42,336 INFO PERFORMANCE:|2|2|-1|-1

2021-01-09 09:54:42,337 INFO PERFORMANCE:|2|2|-1|-1

2021-01-09 09:59:42,339 INFO PERFORMANCE:|2|2|-1|-1

2021-01-09 10:04:42,340 INFO PERFORMANCE:|2|2|-1|-1

2021-01-09 10:09:42,342 INFO PERFORMANCE:|2|2|-1|-1

2021-01-09 10:14:42,342 INFO PERFORMANCE:|2|2|-1|-1

2021-01-09 10:19:42,344 INFO PERFORMANCE:|2|2|-1|-1

2021-01-09 10:24:42,345 INFO PERFORMANCE:|2|2|-1|-1

2021-01-09 10:29:42,348 INFO PERFORMANCE:|2|2|-1|-1

2021-01-09 10:34:42,349 INFO PERFORMANCE:|2|2|-1|-1

2021-01-09 10:39:42,351 INFO PERFORMANCE:|2|2|-1|-1

2021-01-09 10:44:42,351 INFO PERFORMANCE:|2|2|-1|-1

2021-01-09 10:49:42,352 INFO PERFORMANCE:|2|2|-1|-1

2021-01-09 10:54:42,353 INFO PERFORMANCE:|2|2|-1|-1

2021-01-09 10:59:42,355 INFO PERFORMANCE:|2|2|-1|-1

2021-01-09 11:04:42,356 INFO PERFORMANCE:|2|2|-1|-1

2021-01-09 11:09:42,356 INFO PERFORMANCE:|2|2|-1|-1

2021-01-09 11:14:42,358 INFO PERFORMANCE:|2|2|-1|-1

2021-01-09 11:19:42,360 INFO PERFORMANCE:|2|2|-1|-1

2021-01-09 11:24:42,360 INFO PERFORMANCE:|2|2|-1|-1

2021-01-09 11:29:42,361 INFO PERFORMANCE:|2|2|-1|-1

2021-01-09 11:34:42,363 INFO PERFORMANCE:|2|2|-1|-1

2021-01-09 11:39:42,365 INFO PERFORMANCE:|2|2|-1|-1

2021-01-09 11:44:42,365 INFO PERFORMANCE:|2|2|-1|-1

2021-01-09 11:49:42,366 INFO PERFORMANCE:|2|2|-1|-1

2021-01-09 11:54:42,368 INFO PERFORMANCE:|2|2|-1|-1

2021-01-09 11:59:42,369 INFO PERFORMANCE:|2|2|-1|-1

2021-01-09 12:04:42,370 INFO PERFORMANCE:|2|2|-1|-1

2021-01-09 12:09:42,371 INFO PERFORMANCE:|2|2|-1|-1

2021-01-09 12:14:42,371 INFO PERFORMANCE:|2|2|-1|-1

2021-01-09 12:19:42,385 INFO PERFORMANCE:|2|2|-1|-1

2021-01-09 12:24:42,386 INFO PERFORMANCE:|2|2|-1|-1

2021-01-09 12:29:42,387 INFO PERFORMANCE:|2|2|-1|-1

2021-01-09 12:34:42,389 INFO PERFORMANCE:|2|2|-1|-1

2021-01-09 12:39:42,391 INFO PERFORMANCE:|2|2|-1|-1

2021-01-09 12:44:42,392 INFO PERFORMANCE:|2|2|-1|-1

2021-01-09 12:49:42,393 INFO PERFORMANCE:|2|2|-1|-1

2021-01-09 12:54:42,395 INFO PERFORMANCE:|2|2|-1|-1

2021-01-09 12:59:42,396 INFO PERFORMANCE:|2|2|-1|-1

2021-01-09 13:04:42,397 INFO PERFORMANCE:|2|2|-1|-1

2021-01-09 13:09:42,399 INFO PERFORMANCE:|2|2|-1|-1

2021-01-09 13:14:42,400 INFO PERFORMANCE:|2|2|-1|-1

2021-01-09 13:19:42,415 INFO PERFORMANCE:|2|2|-1|-1

2021-01-09 13:24:42,419 INFO PERFORMANCE:|2|2|-1|-1

2021-01-09 13:29:42,420 INFO PERFORMANCE:|2|2|-1|-1

2021-01-09 13:34:42,421 INFO PERFORMANCE:|2|2|-1|-1

2021-01-09 13:39:42,422 INFO PERFORMANCE:|2|2|-1|-1

2021-01-09 13:44:42,423 INFO PERFORMANCE:|2|2|-1|-1

2021-01-09 13:49:42,425 INFO PERFORMANCE:|2|2|-1|-1

2021-01-09 13:54:42,426 INFO PERFORMANCE:|2|2|-1|-1

2021-01-09 13:59:42,427 INFO PERFORMANCE:|2|1|-1|-1

2021-01-09 14:04:42,428 INFO PERFORMANCE:|1|1|-1|-1

2021-01-09 14:09:42,429 INFO PERFORMANCE:|1|1|-1|-1

2021-01-09 14:17:43,353 INFO PERFORMANCE:|1|1|-1|-1

2021-01-09 14:22:43,354 INFO PERFORMANCE:|1|1|-1|-1

2021-01-09 14:27:43,365 INFO PERFORMANCE:|1|1|-1|-1

2021-01-09 14:32:43,367 INFO PERFORMANCE:|1|1|-1|-1

2021-01-09 14:37:43,368 INFO PERFORMANCE:|1|1|-1|-1

2021-01-09 14:42:43,369 INFO PERFORMANCE:|1|1|-1|-1

2021-01-09 14:47:43,371 INFO PERFORMANCE:|1|1|-1|-1

2021-01-09 14:52:43,372 INFO PERFORMANCE:|1|1|-1|-1

2021-01-09 14:57:43,372 INFO PERFORMANCE:|1|1|-1|-1

2021-01-09 15:02:43,374 INFO PERFORMANCE:|1|1|-1|-1

2021-01-09 15:07:43,375 INFO PERFORMANCE:|1|1|-1|-1

2021-01-09 15:12:43,377 INFO PERFORMANCE:|1|1|-1|-1

2021-01-09 15:17:43,378 INFO PERFORMANCE:|1|1|-1|-1

2021-01-09 15:22:43,379 INFO PERFORMANCE:|1|1|-1|-1

2021-01-09 15:27:43,379 INFO PERFORMANCE:|1|1|-1|-1

2021-01-09 15:32:43,384 INFO PERFORMANCE:|1|1|-1|-1

2021-01-09 15:37:43,386 INFO PERFORMANCE:|1|1|-1|-1

2021-01-09 15:42:43,386 INFO PERFORMANCE:|1|1|-1|-1

2021-01-09 15:47:43,388 INFO PERFORMANCE:|1|1|-1|-1

2021-01-09 15:52:43,389 INFO PERFORMANCE:|1|1|-1|-1

2021-01-09 15:57:43,391 INFO PERFORMANCE:|1|1|-1|-1

2021-01-09 16:02:43,392 INFO PERFORMANCE:|1|1|-1|-1

2021-01-09 16:07:43,393 INFO PERFORMANCE:|1|1|-1|-1

2021-01-09 16:12:43,394 INFO PERFORMANCE:|1|1|-1|-1

2021-01-09 16:17:43,396 INFO PERFORMANCE:|1|1|-1|-1

2021-01-09 16:22:43,396 INFO PERFORMANCE:|1|1|-1|-1

2021-01-09 16:27:43,398 INFO PERFORMANCE:|1|1|-1|-1

2021-01-09 16:32:43,399 INFO PERFORMANCE:|1|1|-1|-1

2021-01-09 16:37:43,429 INFO PERFORMANCE:|1|1|-1|-1

2021-01-09 16:42:43,430 INFO PERFORMANCE:|1|1|-1|-1

2021-01-09 16:47:43,432 INFO PERFORMANCE:|1|1|-1|-1

2021-01-09 16:52:43,433 INFO PERFORMANCE:|1|1|-1|-1

2021-01-09 16:57:43,434 INFO PERFORMANCE:|1|1|-1|-1

2021-01-09 17:02:43,436 INFO PERFORMANCE:|1|1|-1|-1

2021-01-09 17:07:43,437 INFO PERFORMANCE:|1|1|-1|-1

2021-01-09 17:12:43,438 INFO PERFORMANCE:|1|1|-1|-1

2021-01-09 17:17:43,439 INFO PERFORMANCE:|1|1|-1|-1

2021-01-09 17:22:43,440 INFO PERFORMANCE:|1|1|-1|-1

2021-01-09 17:27:43,442 INFO PERFORMANCE:|1|1|-1|-1

2021-01-09 17:32:43,443 INFO PERFORMANCE:|1|1|-1|-1

2021-01-09 17:37:43,444 INFO PERFORMANCE:|1|1|-1|-1

2021-01-09 17:42:43,446 INFO PERFORMANCE:|1|1|-1|-1

2021-01-09 17:47:43,446 INFO PERFORMANCE:|1|1|-1|-1

2021-01-09 17:52:43,447 INFO PERFORMANCE:|1|1|-1|-1

2021-01-09 17:57:43,448 INFO PERFORMANCE:|1|1|-1|-1

2021-01-09 18:02:43,452 INFO PERFORMANCE:|1|1|-1|-1

2021-01-09 18:07:43,452 INFO PERFORMANCE:|1|1|-1|-1

2021-01-09 18:12:43,454 INFO PERFORMANCE:|1|1|-1|-1

